<?xml version="1.0" encoding="UTF-8"?>
<!-- Generated by org.testng.reporters.JUnitReportReporter -->
<testsuite hostname="DESKTOP-MR6DPVM" failures="0" tests="2" name="qalinkclick.JavaMaven.AppiumTest" time="0.007" errors="0" timestamp="2021-04-25T23:11:09 IST" skipped="0">
  <testcase classname="qalinkclick.JavaMaven.AppiumTest" name="IOsDevice" time="0.007"/>
  <system-out/>
  <testcase classname="qalinkclick.JavaMaven.AppiumTest" name="mobileAndroid" time="0.000"/>
  <system-out/>
</testsuite> <!-- qalinkclick.JavaMaven.AppiumTest -->
