<?xml version="1.0" encoding="UTF-8"?>
<!-- Generated by org.testng.reporters.JUnitReportReporter -->
<testsuite hostname="DESKTOP-MR6DPVM" failures="0" tests="2" name="qalinkclick.JavaMaven.RestAssuredAPITest" time="0.002" errors="0" timestamp="2021-04-25T23:11:09 IST" skipped="0">
  <testcase classname="qalinkclick.JavaMaven.RestAssuredAPITest" name="mobileapp" time="0.001"/>
  <system-out/>
  <testcase classname="qalinkclick.JavaMaven.RestAssuredAPITest" name="webapp" time="0.001"/>
  <system-out/>
</testsuite> <!-- qalinkclick.JavaMaven.RestAssuredAPITest -->
