<?xml version="1.0" encoding="UTF-8"?>
<!-- Generated by org.testng.reporters.JUnitReportReporter -->
<testsuite hostname="DESKTOP-MR6DPVM" failures="0" tests="1" name="qalinkclick.JavaMaven.AppTest" time="0.007" errors="0" timestamp="2021-04-25T23:11:09 IST" skipped="0">
  <testcase classname="qalinkclick.JavaMaven.AppTest" name="shouldAnswerWithTrue" time="0.007"/>
  <system-out/>
</testsuite> <!-- qalinkclick.JavaMaven.AppTest -->
