<?xml version="1.0" encoding="UTF-8"?>
<!-- Generated by org.testng.reporters.JUnitReportReporter -->
<testsuite hostname="DESKTOP-MR6DPVM" failures="0" tests="2" name="qalinkclick.JavaMaven.SeleniumTest" time="0.001" errors="0" timestamp="2021-04-25T23:15:18 IST" skipped="0">
  <testcase classname="qalinkclick.JavaMaven.SeleniumTest" name="WebApp" time="0.001"/>
  <system-out/>
  <testcase classname="qalinkclick.JavaMaven.SeleniumTest" name="automation" time="0.000"/>
  <system-out/>
</testsuite> <!-- qalinkclick.JavaMaven.SeleniumTest -->
